Build started 3/14/2020 6:07:57 PM.
     1>Project "C:\Users\Admin\Desktop\HaNoiTower\HelloStdio_VS2013.vcxproj" on node 2 (Build target(s)).
     1>ClCompile:
         C:\Program Files (x86)\Microsoft Visual Studio 12.0\VC\bin\CL.exe /c /ZI /nologo /W3 /WX- /sdl /Od /Oy- /D _MBCS /Gm /EHsc /RTC1 /MDd /GS /fp:precise /Zc:wchar_t /Zc:forScope /Fo"Debug\\" /Fd"Debug\vc120.pdb" /Gd /TP /analyze- /errorReport:prompt main.cpp
         main.cpp
     1>c:\users\admin\desktop\hanoitower\graphics.h(281): warning C4273: 'getch' : inconsistent dll linkage
                 c:\program files (x86)\microsoft visual studio 12.0\vc\include\conio.h(131) : see previous definition of 'getch'
     1>c:\users\admin\desktop\hanoitower\graphics.h(282): warning C4273: 'kbhit' : inconsistent dll linkage
                 c:\program files (x86)\microsoft visual studio 12.0\vc\include\conio.h(133) : see previous definition of 'kbhit'
     1>c:\users\admin\desktop\hanoitower\main.cpp(156): warning C4244: 'argument' : conversion from 'time_t' to 'unsigned int', possible loss of data
     1>c:\users\admin\desktop\hanoitower\main.cpp(136): warning C4715: 'getPosition' : not all control paths return a value
       Link:
         C:\Program Files (x86)\Microsoft Visual Studio 12.0\VC\bin\link.exe /ERRORREPORT:PROMPT /OUT:"C:\Users\Admin\Desktop\HaNoiTower\Debug\HelloStdio_VS2013.exe" /INCREMENTAL /NOLOGO kernel32.lib user32.lib gdi32.lib winspool.lib comdlg32.lib advapi32.lib shell32.lib ole32.lib oleaut32.lib uuid.lib odbc32.lib odbccp32.lib /MANIFEST /MANIFESTUAC:"level='asInvoker' uiAccess='false'" /manifest:embed /DEBUG /PDB:"C:\Users\Admin\Desktop\HaNoiTower\Debug\HelloStdio_VS2013.pdb" /TLBID:1 /DYNAMICBASE /NXCOMPAT /IMPLIB:"C:\Users\Admin\Desktop\HaNoiTower\Debug\HelloStdio_VS2013.lib" /MACHINE:X86 Debug\main.obj
     1>graphics.lib(dibutil.obj) : warning LNK4204: 'C:\Users\Admin\Desktop\HaNoiTower\Debug\vc120.pdb' is missing debugging information for referencing module; linking object as if no debug info
     1>graphics.lib(drawing.obj) : warning LNK4204: 'C:\Users\Admin\Desktop\HaNoiTower\Debug\vc120.pdb' is missing debugging information for referencing module; linking object as if no debug info
     1>graphics.lib(file.obj) : warning LNK4204: 'C:\Users\Admin\Desktop\HaNoiTower\Debug\vc120.pdb' is missing debugging information for referencing module; linking object as if no debug info
     1>graphics.lib(misc.obj) : warning LNK4204: 'C:\Users\Admin\Desktop\HaNoiTower\Debug\vc120.pdb' is missing debugging information for referencing module; linking object as if no debug info
     1>graphics.lib(text.obj) : warning LNK4204: 'C:\Users\Admin\Desktop\HaNoiTower\Debug\vc120.pdb' is missing debugging information for referencing module; linking object as if no debug info
     1>graphics.lib(winbgi.obj) : warning LNK4204: 'C:\Users\Admin\Desktop\HaNoiTower\Debug\vc120.pdb' is missing debugging information for referencing module; linking object as if no debug info
     1>graphics.lib(winthread.obj) : warning LNK4204: 'C:\Users\Admin\Desktop\HaNoiTower\Debug\vc120.pdb' is missing debugging information for referencing module; linking object as if no debug info
         HelloStdio_VS2013.vcxproj -> C:\Users\Admin\Desktop\HaNoiTower\Debug\HelloStdio_VS2013.exe
     1>Done Building Project "C:\Users\Admin\Desktop\HaNoiTower\HelloStdio_VS2013.vcxproj" (Build target(s)).

Build succeeded.

Time Elapsed 00:00:01.66
